<?xml version="1.0" encoding="UTF-8"?>
<!-- Generated by org.testng.reporters.JUnitReportReporter -->
<testsuite hostname="DESKTOP-S0MOD7F" failures="0" tests="1" name="com.tests.swagLabs" time="7.541" errors="0" timestamp="2024-04-10T12:08:48 IST" skipped="0">
  <testcase classname="com.tests.swagLabs" name="productsHeadingTest" time="7.541"/>
</testsuite> <!-- com.tests.swagLabs -->
