<?xml version="1.0" encoding="UTF-8"?>
<!-- Generated by org.testng.reporters.JUnitReportReporter -->
<testsuite hostname="DESKTOP-S0MOD7F" failures="0" tests="2" name="com.tests.LoginTest" time="20.740" errors="0" timestamp="2024-04-24T00:20:52 IST" skipped="0">
  <testcase classname="com.tests.LoginTest" name="verifyAlertMessageTest" time="12.909"/>
  <testcase classname="com.tests.LoginTest" name="verifyLoginTest" time="7.831"/>
</testsuite> <!-- com.tests.LoginTest -->
