<?xml version="1.0" encoding="UTF-8"?>
<!-- Generated by org.testng.reporters.JUnitReportReporter -->
<testsuite hostname="DESKTOP-S0MOD7F" failures="0" tests="2" name="com.tests.LoginTest1" time="27.250" errors="0" timestamp="2024-06-12T16:51:55 IST" skipped="0">
  <testcase classname="com.tests.LoginTest1" name="verifyLoginTest" time="6.548"/>
  <testcase classname="com.tests.LoginTest1" name="verifyAlertMessageTest" time="20.702"/>
</testsuite> <!-- com.tests.LoginTest1 -->
