<?xml version="1.0" encoding="UTF-8"?>
<!-- Generated by org.testng.reporters.JUnitReportReporter -->
<testsuite hostname="DESKTOP-S0MOD7F" failures="0" tests="2" name="com.tests.HomeTest" time="13.771" errors="0" timestamp="2024-04-24T17:09:46 IST" skipped="0">
  <testcase classname="com.tests.HomeTest" name="SwagLabsLogoTest" time="6.942"/>
  <testcase classname="com.tests.HomeTest" name="SwagLabsProductTitleTest" time="6.829"/>
</testsuite> <!-- com.tests.HomeTest -->
