<?xml version="1.0" encoding="UTF-8"?>
<!-- Generated by org.testng.reporters.JUnitReportReporter -->
<testsuite hostname="DESKTOP-S0MOD7F" failures="0" tests="2" name="com.tests.LoginTest1" time="18.467" errors="0" timestamp="2024-05-07T23:35:26 IST" skipped="0">
  <testcase classname="com.tests.LoginTest1" name="verifyLoginTest" time="5.064"/>
  <testcase classname="com.tests.LoginTest1" name="verifyAlertMessageTest" time="13.403"/>
</testsuite> <!-- com.tests.LoginTest1 -->
