<?xml version="1.0" encoding="UTF-8"?>
<!-- Generated by org.testng.reporters.JUnitReportReporter -->
<testsuite hostname="DESKTOP-S0MOD7F" failures="0" tests="2" name="com.tests.HomeTest1" time="13.362" errors="0" timestamp="2024-05-07T23:35:26 IST" skipped="0">
  <testcase classname="com.tests.HomeTest1" name="SwagLabsLogoTest" time="6.063"/>
  <testcase classname="com.tests.HomeTest1" name="SwagLabsProductTitleTest" time="7.299"/>
</testsuite> <!-- com.tests.HomeTest1 -->
